<?xml version="1.0" encoding="utf-8" ?>
<!DOCTYPE html PUBLIC "-//W3C//DTD XHTML 1.0 Strict//EN"
        "http://www.w3.org/TR/xhtml1/DTD/xhtml1-strict.dtd">
<html xmlns="http://www.w3.org/1999/xhtml" xml:lang="" lang="">
<head>
  <title>Test Results Report - Android_emulator-5556_1.2_1</title>
  <meta http-equiv="Content-Type" content="text/html;charset=utf-8" />
  <meta name="description" content="TestNG unit test results." />
  <link href="reportng.css" rel="stylesheet" type="text/css" />
    <script type="text/javascript" src="reportng.js"></script>
</head>
<body>
<h1>Android_emulator-5556_1.2_1</h1>
<p>
  Test duration: 187.809s
</p>

  <table class="resultsTable configTable">
    <tr><th colspan="3" class="header failedConfig">Failed Configuration</th></tr>
              <tr class="group">
        <td colspan="3">AutomationSuites.nativeApp.P0_TestCases</td>
      </tr>
            
<tr>
  <td class="method">
                  results
      </td>
  <td class="duration">
    0.002s
  </td>
  <td class="result">
        
          <i>Method arguments: </i><span class="arguments">[TestResult name=addLead status=FAILURE method=P0_TestCases.addLead()[pri:0, instance:AutomationSuites.nativeApp.P0_TestCases@455b6df1] output={null}]</span><br />
    
        

        <a href="javascript:toggleElement('exception-0', 'block')" title="Click to expand/collapse"><b>java.lang.Error: Unresolved compilation problem: <br/>
	The method testResult(AppiumDriver&lt;?&gt;, ITestResult) in the type mobDriverConfig is not applicable for the arguments (ITestResult)<br/>
</b></a><br />
    <div class="stackTrace" id="exception-0">
              AutomationSuites.nativeApp.P0_TestCases.results(P0_TestCases.java:218)<br />
              sun.reflect.NativeMethodAccessorImpl.invoke0(Native Method)<br />
              sun.reflect.NativeMethodAccessorImpl.invoke(Unknown Source)<br />
              sun.reflect.DelegatingMethodAccessorImpl.invoke(Unknown Source)<br />
              java.lang.reflect.Method.invoke(Unknown Source)<br />
              org.testng.internal.MethodInvocationHelper.invokeMethod(MethodInvocationHelper.java:124)<br />
              org.testng.internal.MethodInvocationHelper.invokeMethodConsideringTimeout(MethodInvocationHelper.java:59)<br />
              org.testng.internal.Invoker.invokeConfigurationMethod(Invoker.java:451)<br />
              org.testng.internal.Invoker.invokeConfigurations(Invoker.java:222)<br />
              org.testng.internal.Invoker.invokeMethod(Invoker.java:634)<br />
              org.testng.internal.Invoker.invokeTestMethod(Invoker.java:707)<br />
              org.testng.internal.Invoker.invokeTestMethods(Invoker.java:979)<br />
              org.testng.internal.TestMethodWorker.invokeTestMethods(TestMethodWorker.java:125)<br />
              org.testng.internal.TestMethodWorker.run(TestMethodWorker.java:109)<br />
              org.testng.TestRunner.privateRun(TestRunner.java:648)<br />
              org.testng.TestRunner.run(TestRunner.java:505)<br />
              org.testng.SuiteRunner.runTest(SuiteRunner.java:455)<br />
              org.testng.SuiteRunner.access$000(SuiteRunner.java:40)<br />
              org.testng.SuiteRunner$SuiteWorker.run(SuiteRunner.java:489)<br />
              org.testng.internal.thread.ThreadUtil$1.call(ThreadUtil.java:52)<br />
              java.util.concurrent.FutureTask.run(Unknown Source)<br />
              java.util.concurrent.ThreadPoolExecutor.runWorker(Unknown Source)<br />
              java.util.concurrent.ThreadPoolExecutor$Worker.run(Unknown Source)<br />
              java.lang.Thread.run(Unknown Source)<br />
                </div>
      </td>
</tr>
    
          <tr><td colspan="3">&nbsp;</td></tr>
      <tr><td colspan="3" class="header skippedConfig">Skipped Configuration</td></tr>
                    <tr>
          <td colspan="3" class="group">AutomationSuites.nativeApp.P0_TestCases</td>
        </tr>
                
<tr>
  <td class="method">
                  Quit
      </td>
  <td class="duration">
    0.000s
  </td>
  <td class="result">
                               
    
        

      </td>
</tr>
            </table>


  <table class="resultsTable">
    <tr><th colspan="3" class="header failed">Failed Tests</th></tr>
          <tr>
        <td colspan="3" class="group">AutomationSuites.nativeApp.P0_TestCases</td>
      </tr>
            
<tr>
  <td class="method">
                  addLead
      </td>
  <td class="duration">
    101.943s
  </td>
  <td class="result">
        
    
        

        <a href="javascript:toggleElement('exception-1', 'block')" title="Click to expand/collapse"><b>java.lang.AssertionError: expected [AutoHL_GaTdt,] but found [AutoHL_GaTdt, ]</b></a><br />
    <div class="stackTrace" id="exception-1">
              org.testng.Assert.fail(Assert.java:96)<br />
              org.testng.Assert.failNotEquals(Assert.java:776)<br />
              org.testng.Assert.assertEqualsImpl(Assert.java:137)<br />
              org.testng.Assert.assertEquals(Assert.java:118)<br />
              org.testng.Assert.assertEquals(Assert.java:453)<br />
              org.testng.Assert.assertEquals(Assert.java:463)<br />
              frameworkLibrary.mobDriverConfig.assertEquals_Text(mobDriverConfig.java:340)<br />
              nativeApp.LeadsPage.verifyData_LeadsPage(LeadsPage.java:38)<br />
              AutomationSuites.nativeApp.P0_TestCases.addLead(P0_TestCases.java:42)<br />
              sun.reflect.NativeMethodAccessorImpl.invoke0(Native Method)<br />
              sun.reflect.NativeMethodAccessorImpl.invoke(Unknown Source)<br />
              sun.reflect.DelegatingMethodAccessorImpl.invoke(Unknown Source)<br />
              java.lang.reflect.Method.invoke(Unknown Source)<br />
              org.testng.internal.MethodInvocationHelper.invokeMethod(MethodInvocationHelper.java:124)<br />
              org.testng.internal.Invoker.invokeMethod(Invoker.java:571)<br />
              org.testng.internal.Invoker.invokeTestMethod(Invoker.java:707)<br />
              org.testng.internal.Invoker.invokeTestMethods(Invoker.java:979)<br />
              org.testng.internal.TestMethodWorker.invokeTestMethods(TestMethodWorker.java:125)<br />
              org.testng.internal.TestMethodWorker.run(TestMethodWorker.java:109)<br />
              org.testng.TestRunner.privateRun(TestRunner.java:648)<br />
              org.testng.TestRunner.run(TestRunner.java:505)<br />
              org.testng.SuiteRunner.runTest(SuiteRunner.java:455)<br />
              org.testng.SuiteRunner.access$000(SuiteRunner.java:40)<br />
              org.testng.SuiteRunner$SuiteWorker.run(SuiteRunner.java:489)<br />
              org.testng.internal.thread.ThreadUtil$1.call(ThreadUtil.java:52)<br />
              java.util.concurrent.FutureTask.run(Unknown Source)<br />
              java.util.concurrent.ThreadPoolExecutor.runWorker(Unknown Source)<br />
              java.util.concurrent.ThreadPoolExecutor$Worker.run(Unknown Source)<br />
              java.lang.Thread.run(Unknown Source)<br />
                </div>
      </td>
</tr>
      </table>


  
</body>
</html>
