<?xml version="1.0" encoding="UTF-8"?>
<!-- Generated by org.testng.reporters.JUnitXMLReporter -->
<testsuite hostname="MD-LAP-017" ignored="0" name="Web_Windows_Chrome_1.2_2" tests="1" failures="0" timestamp="28 Feb 2018 09:32:12 GMT" time="0.773" errors="0">
  <testcase name="@BeforeTest beforeTest" time="0.773" classname="AutomationSuites.webApp.P1_TestCases">
    <failure type="java.lang.IllegalStateException" message="The driver executable does not exist: C:\Users\Prasanna\Documents\HybridAutomationFramework\lib\windows\drivers\chromedriver.exe">
      <![CDATA[java.lang.IllegalStateException: The driver executable does not exist: C:\Users\Prasanna\Documents\HybridAutomationFramework\lib\windows\drivers\chromedriver.exeat com.google.common.base.Preconditions.checkState(Preconditions.java:534)at org.openqa.selenium.remote.service.DriverService.checkExecutable(DriverService.java:136)at org.openqa.selenium.remote.service.DriverService.findExecutable(DriverService.java:131)at org.openqa.selenium.chrome.ChromeDriverService.access$000(ChromeDriverService.java:32)at org.openqa.selenium.chrome.ChromeDriverService$Builder.findDefaultExecutable(ChromeDriverService.java:137)at org.openqa.selenium.remote.service.DriverService$Builder.build(DriverService.java:329)at org.openqa.selenium.chrome.ChromeDriverService.createDefaultService(ChromeDriverService.java:88)at org.openqa.selenium.chrome.ChromeDriver.<init>(ChromeDriver.java:123)at frameworkLibrary.webDriverConfig.launchBrowser(webDriverConfig.java:40)at AutomationSuites.webApp.P1_TestCases.beforeTest(P1_TestCases.java:21)at java.util.concurrent.FutureTask.run(Unknown Source)at java.util.concurrent.ThreadPoolExecutor.runWorker(Unknown Source)at java.util.concurrent.ThreadPoolExecutor$Worker.run(Unknown Source)at java.lang.Thread.run(Unknown Source)... Removed 15 stack frames]]>
    </failure>
  </testcase> <!-- @BeforeTest beforeTest -->
  <testcase name="@AfterMethod results" time="0.0" classname="AutomationSuites.webApp.P1_TestCases">
    <skipped/>
  </testcase> <!-- @AfterMethod results -->
  <testcase name="@AfterTest Quit" time="0.0" classname="AutomationSuites.webApp.P1_TestCases">
    <skipped/>
  </testcase> <!-- @AfterTest Quit -->
  <testcase name="testt" time="0.0" classname="AutomationSuites.webApp.P1_TestCases">
    <skipped/>
  </testcase> <!-- testt -->
</testsuite> <!-- Web_Windows_Chrome_1.2_2 -->
