<!DOCTYPE html PUBLIC "-//W3C//DTD XHTML 1.1//EN" "http://www.w3.org/TR/xhtml11/DTD/xhtml11.dtd">
<html xmlns="http://www.w3.org/1999/xhtml">
<head>
<title>TestNG Report</title>
<style type="text/css">
table {margin-bottom:10px;border-collapse:collapse;empty-cells:show}
td,th {border:1px solid #009;padding:.25em .5em}
.result th {vertical-align:bottom}
.param th {padding-left:1em;padding-right:1em}
.param td {padding-left:.5em;padding-right:2em}
.stripe td,.stripe th {background-color: #E6EBF9}
.numi,.numi_attn {text-align:right}
.total td {font-weight:bold}
.passedodd td {background-color: #0A0}
.passedeven td {background-color: #3F3}
.skippedodd td {background-color: #CCC}
.skippedodd td {background-color: #DDD}
.failedodd td,.numi_attn {background-color: #F33}
.failedeven td,.stripe .numi_attn {background-color: #D00}
.stacktrace {white-space:pre;font-family:monospace}
.totop {font-size:85%;text-align:center;border-bottom:2px solid #000}
</style>
</head>
<body>
<center><h1 style="color:White;background-color:rgb(41, 65, 122);">Automation Report - 2018/02/28 15:38:44</h1></center><table cellspacing="0" cellpadding="0" class="testOverview">
<tr style="color:White;background-color:rgb(119, 103, 0);"><th style="border: 1px solid #009;padding: .25em .5em;">Test</th><th style="border: 1px solid #009;padding: .25em .5em;">Methods<br/>Passed</th><th style="border: 1px solid #009;padding: .25em .5em;"># skipped</th><th style="border: 1px solid #009;padding: .25em .5em;"># failed</th><th style="border: 1px solid #009;padding: .25em .5em;">Start<br/>Time</th><th style="border: 1px solid #009;padding: .25em .5em;">End<br/>Time</th><th style="border: 1px solid #009;padding: .25em .5em;">Total<br/>Time(hh:mm:ss)</th><th style="border: 1px solid #009;padding: .25em .5em;">Included<br/>Groups</th><th style="border: 1px solid #009;padding: .25em .5em;">Excluded<br/>Groups</th></tr>
<tr><th colspan="10">Automation_Suite28-Feb-2018__03_30_04PM</th></tr>
<tr><td style="text-align:left;padding-right:2em"><a href="#t1"><b>Web_Windows_Chrome_1.2_2</b></a></td><td class="numi" style="border: 1px solid #009;padding: .25em .5em;text-align: right;">0</td><td class="numi" style="border: 1px solid #009;padding: .25em .5em;text-align: right;">0</td><td class="numi" style="border: 1px solid #009;padding: .25em .5em;text-align: right;_attn">1</td><td class="numi" style="border: 1px solid #009;padding: .25em .5em;text-align: right;">03:30:05</td></td>
<td class="numi" style="border: 1px solid #009;padding: .25em .5em;text-align: right;">03:38:43</td></td>
<td class="numi" style="border: 1px solid #009;padding: .25em .5em;text-align: right;">00:08:38</td><td class="numi" style="border: 1px solid #009;padding: .25em .5em;text-align: right;"></td><td class="numi" style="border: 1px solid #009;padding: .25em .5em;text-align: right;"></td></tr>
</table>
<table cellspacing="0" cellpadding="0" class="methodOverview" id="summary">
<tr style="color:White;background-color:rgb(119, 103, 0);"><th style="border: 1px solid #009;padding: .25em .5em;">Class</th><th style="border: 1px solid #009;padding: .25em .5em;">Method</th><th style="border: 1px solid #009;padding: .25em .5em;">Exception Info</th><th style="border: 1px solid #009;padding: .25em .5em;">Start Time </th><th style="border: 1px solid #009;padding: .25em .5em;">Execution Time<br/>(hh:mm:ss)</th></tr>
<tr><th colspan="5">Automation_Suite28-Feb-2018__03_30_04PM</th></tr>
<tr id="t1"><th colspan="5">Web_Windows_Chrome_1.2_2 &#8212; failed</th></tr>
<tr class="failedodd"><td>AutomationSuites.webApp.P1_TestCases</td><td><a href="#m1"><b>testt</b>  </a></td><td class="numi" style="text-align:left;padding-right:2em">java.lang.AssertionError: expected [ADD INPUTS] but found [REVIEW]<br/></td><td style="text-align:right">03:30:36</td><td class="numi">00:08:06</td></tr>
</table>
<h1>Web_Windows_Chrome_1.2_2</h1>
<h2 id="m1">AutomationSuites.webApp.P1_TestCases:testt</h2>
<div>
<h3>Test Messages</h3>
<a  href=Screenshots_Output/webApp_Web_Windows_Chrome_fail_28-Feb-2018__03_30_05PM/testt-28-Feb-2018__03_38_42PM.jpg><p style="background-color:Tomato;">Failed Screenshot :: webApp_Web_Windows_Chrome_fail_28-Feb-2018__03_30_05PM/testt-28-Feb-2018__03_38_42PM.jpg</p></a><br/>
<html><body><img src=file://C:\Users\Prasanna\Documents\HybridAutomationFramework/test-output/html/Screenshots_Output/webApp_Web_Windows_Chrome_fail_28-Feb-2018__03_30_05PM/testt-28-Feb-2018__03_38_42PM.jpg alt=Filed Screenshot width="500" height="300"></body></html><br/>
<h3>Failure</h3>
<div class="stacktrace">java.lang.AssertionError: expected [ADD INPUTS] but found [REVIEW]
	at frameworkLibrary.webDriverConfig.assertEquals_Text(webDriverConfig.java:223)
	at webApp.MarketingCalenderPage.verifyToolTipData_MarketingCalendarPage(MarketingCalenderPage.java:82)
	at webApp.MarketingCalenderPage.verifyData_MarketingCalendarPage(MarketingCalenderPage.java:161)
	at AutomationSuites.webApp.P1_TestCases.testt(P1_TestCases.java:43)
	at java.util.concurrent.FutureTask.run(Unknown Source)
	at java.util.concurrent.ThreadPoolExecutor.runWorker(Unknown Source)
	at java.util.concurrent.ThreadPoolExecutor$Worker.run(Unknown Source)
	at java.lang.Thread.run(Unknown Source)
... Removed 22 stack frames</div>
</div>
<p class="totop"><a href="#summary">back to summary</a></p>
<center> TestNG Report </center>
</body></html>
