<?xml version="1.0" encoding="UTF-8"?>
<!-- Generated by org.testng.reporters.JUnitXMLReporter -->
<testsuite hostname="MD-LAP-017" ignored="0" name="Web_Windows_Chrome_1.2_2" tests="1" failures="1" timestamp="28 Feb 2018 10:08:43 GMT" time="518.243" errors="0">
  <testcase name="testt" time="486.007" classname="AutomationSuites.webApp.P1_TestCases">
    <failure type="java.lang.AssertionError" message="expected [ADD INPUTS] but found [REVIEW]">
      <![CDATA[java.lang.AssertionError: expected [ADD INPUTS] but found [REVIEW]at frameworkLibrary.webDriverConfig.assertEquals_Text(webDriverConfig.java:223)at webApp.MarketingCalenderPage.verifyToolTipData_MarketingCalendarPage(MarketingCalenderPage.java:82)at webApp.MarketingCalenderPage.verifyData_MarketingCalendarPage(MarketingCalenderPage.java:161)at AutomationSuites.webApp.P1_TestCases.testt(P1_TestCases.java:43)at java.util.concurrent.FutureTask.run(Unknown Source)at java.util.concurrent.ThreadPoolExecutor.runWorker(Unknown Source)at java.util.concurrent.ThreadPoolExecutor$Worker.run(Unknown Source)at java.lang.Thread.run(Unknown Source)... Removed 22 stack frames]]>
    </failure>
  </testcase> <!-- testt -->
</testsuite> <!-- Web_Windows_Chrome_1.2_2 -->
