<?xml version="1.0" encoding="UTF-8"?>
<!-- Generated by org.testng.reporters.JUnitXMLReporter -->
<testsuite hostname="MD-LAP-019" ignored="0" name="Web_Windows_Chrome_1.2_2" tests="1" failures="1" timestamp="28 Feb 2018 14:00:01 GMT" time="229.246" errors="0">
  <testcase name="testt" time="207.112" classname="AutomationSuites.webApp.P1_TestCases">
    <failure type="java.lang.AssertionError" message="expected [By AutoAskQuestion Name zObnd] but found [AutoAskQuestion Name zObnd]">
      <![CDATA[java.lang.AssertionError: expected [By AutoAskQuestion Name zObnd] but found [AutoAskQuestion Name zObnd]at frameworkLibrary.webDriverConfig.assertEquals_Text(webDriverConfig.java:223)at webApp.QueriesPage.verifyData_QueriesPage(QueriesPage.java:64)at AutomationSuites.webApp.P1_TestCases.testt(P1_TestCases.java:44)at java.util.concurrent.FutureTask.run(Unknown Source)at java.util.concurrent.ThreadPoolExecutor.runWorker(Unknown Source)at java.util.concurrent.ThreadPoolExecutor$Worker.run(Unknown Source)at java.lang.Thread.run(Unknown Source)... Removed 22 stack frames]]>
    </failure>
  </testcase> <!-- testt -->
</testsuite> <!-- Web_Windows_Chrome_1.2_2 -->
